0 info it worked if it ends with ok
1 verbose cli [ 'node', '/Users/anupamaphilip/.nvm/v0.10.36/bin/npm', 'start' ]
2 info using npm@2.14.15
3 info using node@v0.10.36
4 verbose run-script [ 'prestart', 'start', 'poststart' ]
5 info prestart empappforawsbs@0.0.0
6 info start empappforawsbs@0.0.0
7 verbose unsafe-perm in lifecycle true
8 info empappforawsbs@0.0.0 Failed to exec start script
9 verbose stack Error: empappforawsbs@0.0.0 start: `node ./bin/www`
9 verbose stack Exit status 8
9 verbose stack     at EventEmitter.<anonymous> (/Users/anupamaphilip/.nvm/v0.10.36/lib/node_modules/npm/lib/utils/lifecycle.js:214:16)
9 verbose stack     at EventEmitter.emit (events.js:98:17)
9 verbose stack     at ChildProcess.<anonymous> (/Users/anupamaphilip/.nvm/v0.10.36/lib/node_modules/npm/lib/utils/spawn.js:24:14)
9 verbose stack     at ChildProcess.emit (events.js:98:17)
9 verbose stack     at maybeClose (child_process.js:766:16)
9 verbose stack     at Process.ChildProcess._handle.onexit (child_process.js:833:5)
10 verbose pkgid empappforawsbs@0.0.0
11 verbose cwd /Users/anupamaphilip/Documents/InternalProjects/EmployeeAppReporting/Tests/empappforawsbs
12 error Darwin 16.7.0
13 error argv "node" "/Users/anupamaphilip/.nvm/v0.10.36/bin/npm" "start"
14 error node v0.10.36
15 error npm  v2.14.15
16 error code ELIFECYCLE
17 error empappforawsbs@0.0.0 start: `node ./bin/www`
17 error Exit status 8
18 error Failed at the empappforawsbs@0.0.0 start script 'node ./bin/www'.
18 error This is most likely a problem with the empappforawsbs package,
18 error not with npm itself.
18 error Tell the author that this fails on your system:
18 error     node ./bin/www
18 error You can get their info via:
18 error     npm owner ls empappforawsbs
18 error There is likely additional logging output above.
19 verbose exit [ 1, true ]
